<?xml version="1.0" encoding="UTF-8"?>
<!-- Generated by org.testng.reporters.JUnitReportReporter -->
<testsuite hostname="DELL-PC" failures="0" tests="2" name="com.scripts.LoginTest" time="11.639" errors="0" timestamp="2021-11-03T01:05:04 IST" skipped="0">
  <testcase classname="com.scripts.LoginTest" name="validLogin" time="6.458"/>
  <system-out>
    <![CDATA[validLoginscript execution startsWed Nov 03 01:04:56 IST 2021
Home Page (Enter Time tRACK )is verified
Home Page (Enter Time Track) title is verified
validLoginscript is passsed]]>
  </system-out>
  <testcase classname="com.scripts.LoginTest" name="invalidLogin" time="5.181"/>
  <system-out>
    <![CDATA[invalidLoginscript execution startsWed Nov 03 01:05:03 IST 2021
Invalid Login Message is verified
invalidLoginscript is passsed]]>
  </system-out>
</testsuite> <!-- com.scripts.LoginTest -->
